<?xml version="1.0" encoding="UTF-8"?>
<coverage generated="1786650909468" clover="3.2.0">
  <project timestamp="1786650909468" name="All files">
    <metrics statements="144" coveredstatements="123" conditionals="102" coveredconditionals="77" methods="25" coveredmethods="20" elements="271" coveredelements="220" complexity="0" loc="144" ncloc="144" packages="2" files="4" classes="4"/>
    <package name="services">
      <metrics statements="141" coveredstatements="121" conditionals="102" coveredconditionals="77" methods="24" coveredmethods="20"/>
      <file name="cardValidator.ts" path="/Users/igorganapolsky/workspace/git/igor/gametime-mobile-checkout/src/services/cardValidator.ts">
        <metrics statements="76" coveredstatements="69" conditionals="58" coveredconditionals="44" methods="9" coveredmethods="9"/>
        <line num="3" count="2" type="stmt"/>
        <line num="4" count="5" type="stmt"/>
        <line num="5" count="5" type="cond" truecount="5" falsecount="0"/>
        <line num="6" count="1" type="stmt"/>
        <line num="9" count="4" type="stmt"/>
        <line num="10" count="4" type="stmt"/>
        <line num="12" count="4" type="stmt"/>
        <line num="13" count="64" type="stmt"/>
        <line num="14" count="64" type="cond" truecount="2" falsecount="0"/>
        <line num="15" count="32" type="stmt"/>
        <line num="16" count="32" type="cond" truecount="1" falsecount="1"/>
        <line num="17" count="0" type="stmt"/>
        <line num="20" count="64" type="stmt"/>
        <line num="21" count="64" type="stmt"/>
        <line num="24" count="4" type="stmt"/>
        <line num="27" count="2" type="stmt"/>
        <line num="28" count="6" type="stmt"/>
        <line num="29" count="6" type="cond" truecount="2" falsecount="0"/>
        <line num="30" count="3" type="cond" truecount="2" falsecount="0"/>
        <line num="31" count="2" type="cond" truecount="2" falsecount="0"/>
        <line num="32" count="1" type="cond" truecount="1" falsecount="1"/>
        <line num="33" count="0" type="stmt"/>
        <line num="36" count="2" type="stmt"/>
        <line num="37" count="4" type="cond" truecount="1" falsecount="1"/>
        <line num="38" count="4" type="cond" truecount="1" falsecount="1"/>
        <line num="39" count="4" type="stmt"/>
        <line num="42" count="2" type="stmt"/>
        <line num="43" count="2" type="stmt"/>
        <line num="44" count="2" type="stmt"/>
        <line num="45" count="2" type="cond" truecount="1" falsecount="1"/>
        <line num="46" count="0" type="stmt"/>
        <line num="47" count="0" type="stmt"/>
        <line num="48" count="0" type="stmt"/>
        <line num="49" count="0" type="stmt"/>
        <line num="51" count="2" type="stmt"/>
        <line num="52" count="2" type="cond" truecount="1" falsecount="1"/>
        <line num="55" count="2" type="stmt"/>
        <line num="56" count="2" type="stmt"/>
        <line num="57" count="2" type="cond" truecount="1" falsecount="1"/>
        <line num="58" count="2" type="stmt"/>
        <line num="60" count="0" type="stmt"/>
        <line num="63" count="2" type="cond" truecount="0" falsecount="1"/>
        <line num="64" count="7" type="stmt"/>
        <line num="65" count="7" type="cond" truecount="1" falsecount="1"/>
        <line num="67" count="7" type="stmt"/>
        <line num="68" count="7" type="stmt"/>
        <line num="70" count="7" type="cond" truecount="4" falsecount="0"/>
        <line num="72" count="6" type="stmt"/>
        <line num="73" count="6" type="stmt"/>
        <line num="75" count="6" type="cond" truecount="2" falsecount="0"/>
        <line num="76" count="5" type="cond" truecount="4" falsecount="0"/>
        <line num="77" count="4" type="cond" truecount="1" falsecount="1"/>
        <line num="79" count="4" type="stmt"/>
        <line num="82" count="2" type="stmt"/>
        <line num="83" count="6" type="stmt"/>
        <line num="84" count="6" type="cond" truecount="2" falsecount="0"/>
        <line num="85" count="2" type="stmt"/>
        <line num="87" count="4" type="stmt"/>
        <line num="94" count="2" type="stmt"/>
        <line num="95" count="3" type="stmt"/>
        <line num="96" count="3" type="stmt"/>
        <line num="97" count="3" type="cond" truecount="2" falsecount="0"/>
        <line num="98" count="2" type="cond" truecount="1" falsecount="1"/>
        <line num="99" count="2" type="cond" truecount="1" falsecount="1"/>
        <line num="100" count="2" type="stmt"/>
        <line num="103" count="2" type="stmt"/>
        <line num="109" count="2" type="stmt"/>
        <line num="110" count="2" type="stmt"/>
        <line num="111" count="2" type="stmt"/>
        <line num="112" count="2" type="stmt"/>
        <line num="114" count="2" type="cond" truecount="2" falsecount="0"/>
        <line num="116" count="2" type="stmt"/>
        <line num="117" count="2" type="stmt"/>
        <line num="119" count="2" type="stmt"/>
        <line num="120" count="2" type="stmt"/>
        <line num="122" count="2" type="stmt"/>
      </file>
      <file name="eligibilityEngine.ts" path="/Users/igorganapolsky/workspace/git/igor/gametime-mobile-checkout/src/services/eligibilityEngine.ts">
        <metrics statements="12" coveredstatements="12" conditionals="12" coveredconditionals="12" methods="3" coveredmethods="3"/>
        <line num="1" count="2" type="stmt"/>
        <line num="13" count="11" type="cond" truecount="4" falsecount="0"/>
        <line num="14" count="1" type="stmt"/>
        <line num="16" count="10" type="stmt"/>
        <line num="23" count="22" type="cond" truecount="4" falsecount="0"/>
        <line num="24" count="20" type="stmt"/>
        <line num="26" count="2" type="stmt"/>
        <line num="36" count="2" type="stmt"/>
        <line num="41" count="11" type="stmt"/>
        <line num="42" count="11" type="stmt"/>
        <line num="46" count="11" type="stmt"/>
        <line num="51" count="11" type="stmt"/>
      </file>
      <file name="mockPaymentApi.ts" path="/Users/igorganapolsky/workspace/git/igor/gametime-mobile-checkout/src/services/mockPaymentApi.ts">
        <metrics statements="53" coveredstatements="40" conditionals="32" coveredconditionals="21" methods="12" coveredmethods="8"/>
        <line num="13" count="24" type="stmt"/>
        <line num="22" count="2" type="stmt"/>
        <line num="29" count="15" type="stmt"/>
        <line num="43" count="2" type="stmt"/>
        <line num="44" count="13" type="stmt"/>
        <line num="47" count="0" type="stmt"/>
        <line num="48" count="0" type="stmt"/>
        <line num="49" count="0" type="stmt"/>
        <line num="54" count="0" type="stmt"/>
        <line num="61" count="14" type="stmt"/>
        <line num="62" count="14" type="stmt"/>
        <line num="64" count="14" type="stmt"/>
        <line num="65" count="14" type="cond" truecount="2" falsecount="0"/>
        <line num="66" count="3" type="cond" truecount="2" falsecount="0"/>
        <line num="67" count="1" type="stmt"/>
        <line num="75" count="1" type="stmt"/>
        <line num="77" count="2" type="cond" truecount="1" falsecount="1"/>
        <line num="78" count="2" type="stmt"/>
        <line num="82" count="11" type="stmt"/>
        <line num="88" count="11" type="stmt"/>
        <line num="93" count="11" type="cond" truecount="1" falsecount="1"/>
        <line num="94" count="11" type="stmt"/>
        <line num="96" count="11" type="cond" truecount="2" falsecount="0"/>
        <line num="98" count="1" type="stmt"/>
        <line num="101" count="10" type="stmt"/>
        <line num="102" count="10" type="stmt"/>
        <line num="106" count="10" type="stmt"/>
        <line num="110" count="4" type="stmt"/>
        <line num="111" count="4" type="stmt"/>
        <line num="112" count="4" type="cond" truecount="1" falsecount="1"/>
        <line num="118" count="0" type="stmt"/>
        <line num="122" count="14" type="cond" truecount="1" falsecount="1"/>
        <line num="123" count="0" type="stmt"/>
        <line num="125" count="14" type="cond" truecount="1" falsecount="1"/>
        <line num="126" count="0" type="stmt"/>
        <line num="128" count="14" type="cond" truecount="3" falsecount="1"/>
        <line num="129" count="0" type="stmt"/>
        <line num="131" count="14" type="cond" truecount="1" falsecount="1"/>
        <line num="132" count="0" type="stmt"/>
        <line num="134" count="14" type="cond" truecount="1" falsecount="1"/>
        <line num="135" count="0" type="stmt"/>
        <line num="140" count="10" type="stmt"/>
        <line num="141" count="10" type="stmt"/>
        <line num="146" count="10" type="cond" truecount="1" falsecount="1"/>
        <line num="147" count="0" type="stmt"/>
        <line num="156" count="10" type="cond" truecount="1" falsecount="1"/>
        <line num="157" count="0" type="stmt"/>
        <line num="165" count="10" type="cond" truecount="2" falsecount="0"/>
        <line num="166" count="2" type="stmt"/>
        <line num="175" count="8" type="cond" truecount="1" falsecount="1"/>
        <line num="176" count="0" type="stmt"/>
        <line num="185" count="8" type="stmt"/>
        <line num="194" count="2" type="stmt"/>
      </file>
    </package>
    <package name="types">
      <metrics statements="3" coveredstatements="2" conditionals="0" coveredconditionals="0" methods="1" coveredmethods="0"/>
      <file name="checkout.ts" path="/Users/igorganapolsky/workspace/git/igor/gametime-mobile-checkout/src/types/checkout.ts">
        <metrics statements="3" coveredstatements="2" conditionals="0" coveredconditionals="0" methods="1" coveredmethods="0"/>
        <line num="116" count="2" type="stmt"/>
        <line num="118" count="2" type="stmt"/>
        <line num="119" count="0" type="stmt"/>
      </file>
    </package>
  </project>
</coverage>
