{"/Users/igorganapolsky/workspace/git/igor/gametime-mobile-checkout/src/services/cardValidator.ts": {"path":"/Users/igorganapolsky/workspace/git/igor/gametime-mobile-checkout/src/services/cardValidator.ts","statementMap":{"0":{"start":{"line":3,"column":0},"end":{"line":3,"column":16}},"1":{"start":{"line":27,"column":0},"end":{"line":27,"column":16}},"2":{"start":{"line":36,"column":0},"end":{"line":36,"column":16}},"3":{"start":{"line":42,"column":0},"end":{"line":42,"column":16}},"4":{"start":{"line":55,"column":0},"end":{"line":55,"column":16}},"5":{"start":{"line":63,"column":0},"end":{"line":63,"column":16}},"6":{"start":{"line":82,"column":0},"end":{"line":82,"column":16}},"7":{"start":{"line":94,"column":0},"end":{"line":94,"column":16}},"8":{"start":{"line":103,"column":0},"end":{"line":103,"column":16}},"9":{"start":{"line":4,"column":17},"end":{"line":4,"column":46}},"10":{"start":{"line":5,"column":2},"end":{"line":7,"column":3}},"11":{"start":{"line":6,"column":4},"end":{"line":6,"column":17}},"12":{"start":{"line":9,"column":12},"end":{"line":9,"column":13}},"13":{"start":{"line":10,"column":21},"end":{"line":10,"column":26}},"14":{"start":{"line":12,"column":2},"end":{"line":22,"column":3}},"15":{"start":{"line":12,"column":15},"end":{"line":12,"column":32}},"16":{"start":{"line":13,"column":16},"end":{"line":13,"column":46}},"17":{"start":{"line":14,"column":4},"end":{"line":19,"column":5}},"18":{"start":{"line":15,"column":6},"end":{"line":15,"column":17}},"19":{"start":{"line":16,"column":6},"end":{"line":18,"column":7}},"20":{"start":{"line":17,"column":8},"end":{"line":17,"column":19}},"21":{"start":{"line":20,"column":4},"end":{"line":20,"column":17}},"22":{"start":{"line":21,"column":4},"end":{"line":21,"column":33}},"23":{"start":{"line":24,"column":2},"end":{"line":24,"column":24}},"24":{"start":{"line":28,"column":16},"end":{"line":28,"column":45}},"25":{"start":{"line":29,"column":2},"end":{"line":29,"column":38}},"26":{"start":{"line":29,"column":24},"end":{"line":29,"column":38}},"27":{"start":{"line":30,"column":2},"end":{"line":30,"column":58}},"28":{"start":{"line":30,"column":38},"end":{"line":30,"column":58}},"29":{"start":{"line":31,"column":2},"end":{"line":31,"column":42}},"30":{"start":{"line":31,"column":28},"end":{"line":31,"column":42}},"31":{"start":{"line":32,"column":2},"end":{"line":32,"column":62}},"32":{"start":{"line":32,"column":44},"end":{"line":32,"column":62}},"33":{"start":{"line":33,"column":2},"end":{"line":33,"column":19}},"34":{"start":{"line":37,"column":2},"end":{"line":37,"column":34}},"35":{"start":{"line":37,"column":24},"end":{"line":37,"column":34}},"36":{"start":{"line":38,"column":2},"end":{"line":38,"column":38}},"37":{"start":{"line":38,"column":28},"end":{"line":38,"column":38}},"38":{"start":{"line":39,"column":2},"end":{"line":39,"column":12}},"39":{"start":{"line":43,"column":14},"end":{"line":43,"column":38}},"40":{"start":{"line":44,"column":17},"end":{"line":44,"column":58}},"41":{"start":{"line":45,"column":2},"end":{"line":50,"column":3}},"42":{"start":{"line":46,"column":18},"end":{"line":46,"column":36}},"43":{"start":{"line":47,"column":18},"end":{"line":47,"column":37}},"44":{"start":{"line":48,"column":18},"end":{"line":48,"column":38}},"45":{"start":{"line":49,"column":4},"end":{"line":49,"column":59}},"46":{"start":{"line":51,"column":16},"end":{"line":51,"column":39}},"47":{"start":{"line":52,"column":2},"end":{"line":52,"column":38}},"48":{"start":{"line":56,"column":17},"end":{"line":56,"column":56}},"49":{"start":{"line":57,"column":2},"end":{"line":59,"column":3}},"50":{"start":{"line":58,"column":4},"end":{"line":58,"column":54}},"51":{"start":{"line":60,"column":2},"end":{"line":60,"column":16}},"52":{"start":{"line":64,"column":16},"end":{"line":64,"column":41}},"53":{"start":{"line":65,"column":2},"end":{"line":65,"column":39}},"54":{"start":{"line":65,"column":26},"end":{"line":65,"column":39}},"55":{"start":{"line":67,"column":16},"end":{"line":67,"column":47}},"56":{"start":{"line":68,"column":15},"end":{"line":68,"column":53}},"57":{"start":{"line":70,"column":2},"end":{"line":70,"column":44}},"58":{"start":{"line":70,"column":31},"end":{"line":70,"column":44}},"59":{"start":{"line":72,"column":22},"end":{"line":72,"column":39}},"60":{"start":{"line":73,"column":23},"end":{"line":73,"column":41}},"61":{"start":{"line":75,"column":2},"end":{"line":75,"column":39}},"62":{"start":{"line":75,"column":26},"end":{"line":75,"column":39}},"63":{"start":{"line":76,"column":2},"end":{"line":76,"column":65}},"64":{"start":{"line":76,"column":52},"end":{"line":76,"column":65}},"65":{"start":{"line":77,"column":2},"end":{"line":77,"column":44}},"66":{"start":{"line":77,"column":31},"end":{"line":77,"column":44}},"67":{"start":{"line":79,"column":2},"end":{"line":79,"column":14}},"68":{"start":{"line":83,"column":16},"end":{"line":83,"column":38}},"69":{"start":{"line":84,"column":2},"end":{"line":86,"column":3}},"70":{"start":{"line":85,"column":4},"end":{"line":85,"column":30}},"71":{"start":{"line":87,"column":2},"end":{"line":87,"column":28}},"72":{"start":{"line":95,"column":17},"end":{"line":95,"column":39}},"73":{"start":{"line":96,"column":16},"end":{"line":96,"column":32}},"74":{"start":{"line":97,"column":2},"end":{"line":97,"column":51}},"75":{"start":{"line":97,"column":24},"end":{"line":97,"column":51}},"76":{"start":{"line":98,"column":2},"end":{"line":98,"column":55}},"77":{"start":{"line":98,"column":24},"end":{"line":98,"column":55}},"78":{"start":{"line":99,"column":2},"end":{"line":99,"column":50}},"79":{"start":{"line":99,"column":24},"end":{"line":99,"column":50}},"80":{"start":{"line":100,"column":2},"end":{"line":100,"column":33}},"81":{"start":{"line":109,"column":26},"end":{"line":109,"column":58}},"82":{"start":{"line":110,"column":16},"end":{"line":110,"column":48}},"83":{"start":{"line":111,"column":30},"end":{"line":111,"column":70}},"84":{"start":{"line":112,"column":19},"end":{"line":112,"column":43}},"85":{"start":{"line":114,"column":4},"end":{"line":114,"column":72}},"86":{"start":{"line":116,"column":26},"end":{"line":116,"column":49}},"87":{"start":{"line":117,"column":28},"end":{"line":117,"column":64}},"88":{"start":{"line":119,"column":19},"end":{"line":119,"column":44}},"89":{"start":{"line":120,"column":25},"end":{"line":120,"column":53}},"90":{"start":{"line":122,"column":2},"end":{"line":133,"column":4}}},"fnMap":{"0":{"name":"validateLuhn","decl":{"start":{"line":3,"column":16},"end":{"line":3,"column":28}},"loc":{"start":{"line":3,"column":47},"end":{"line":25,"column":1}}},"1":{"name":"detectCardBrand","decl":{"start":{"line":27,"column":16},"end":{"line":27,"column":31}},"loc":{"start":{"line":27,"column":50},"end":{"line":34,"column":1}}},"2":{"name":"expectedPanLength","decl":{"start":{"line":36,"column":16},"end":{"line":36,"column":33}},"loc":{"start":{"line":36,"column":50},"end":{"line":40,"column":1}}},"3":{"name":"formatCardNumber","decl":{"start":{"line":42,"column":16},"end":{"line":42,"column":32}},"loc":{"start":{"line":42,"column":67},"end":{"line":53,"column":1}}},"4":{"name":"formatExpiry","decl":{"start":{"line":55,"column":16},"end":{"line":55,"column":28}},"loc":{"start":{"line":55,"column":45},"end":{"line":61,"column":1}}},"5":{"name":"validateExpiry","decl":{"start":{"line":63,"column":16},"end":{"line":63,"column":30}},"loc":{"start":{"line":63,"column":69},"end":{"line":80,"column":1}}},"6":{"name":"validateCvc","decl":{"start":{"line":82,"column":16},"end":{"line":82,"column":27}},"loc":{"start":{"line":82,"column":57},"end":{"line":88,"column":1}}},"7":{"name":"tokenizeCard","decl":{"start":{"line":94,"column":16},"end":{"line":94,"column":28}},"loc":{"start":{"line":94,"column":58},"end":{"line":101,"column":1}}},"8":{"name":"parseAndValidateCard","decl":{"start":{"line":103,"column":16},"end":{"line":103,"column":36}},"loc":{"start":{"line":107,"column":24},"end":{"line":134,"column":1}}}},"branchMap":{"0":{"loc":{"start":{"line":5,"column":2},"end":{"line":7,"column":3}},"type":"if","locations":[{"start":{"line":5,"column":2},"end":{"line":7,"column":3}},{"start":{},"end":{}}]},"1":{"loc":{"start":{"line":5,"column":6},"end":{"line":5,"column":57}},"type":"binary-expr","locations":[{"start":{"line":5,"column":6},"end":{"line":5,"column":13}},{"start":{"line":5,"column":17},"end":{"line":5,"column":35}},{"start":{"line":5,"column":39},"end":{"line":5,"column":57}}]},"2":{"loc":{"start":{"line":14,"column":4},"end":{"line":19,"column":5}},"type":"if","locations":[{"start":{"line":14,"column":4},"end":{"line":19,"column":5}},{"start":{},"end":{}}]},"3":{"loc":{"start":{"line":16,"column":6},"end":{"line":18,"column":7}},"type":"if","locations":[{"start":{"line":16,"column":6},"end":{"line":18,"column":7}},{"start":{},"end":{}}]},"4":{"loc":{"start":{"line":29,"column":2},"end":{"line":29,"column":38}},"type":"if","locations":[{"start":{"line":29,"column":2},"end":{"line":29,"column":38}},{"start":{},"end":{}}]},"5":{"loc":{"start":{"line":30,"column":2},"end":{"line":30,"column":58}},"type":"if","locations":[{"start":{"line":30,"column":2},"end":{"line":30,"column":58}},{"start":{},"end":{}}]},"6":{"loc":{"start":{"line":31,"column":2},"end":{"line":31,"column":42}},"type":"if","locations":[{"start":{"line":31,"column":2},"end":{"line":31,"column":42}},{"start":{},"end":{}}]},"7":{"loc":{"start":{"line":32,"column":2},"end":{"line":32,"column":62}},"type":"if","locations":[{"start":{"line":32,"column":2},"end":{"line":32,"column":62}},{"start":{},"end":{}}]},"8":{"loc":{"start":{"line":37,"column":2},"end":{"line":37,"column":34}},"type":"if","locations":[{"start":{"line":37,"column":2},"end":{"line":37,"column":34}},{"start":{},"end":{}}]},"9":{"loc":{"start":{"line":38,"column":2},"end":{"line":38,"column":38}},"type":"if","locations":[{"start":{"line":38,"column":2},"end":{"line":38,"column":38}},{"start":{},"end":{}}]},"10":{"loc":{"start":{"line":45,"column":2},"end":{"line":50,"column":3}},"type":"if","locations":[{"start":{"line":45,"column":2},"end":{"line":50,"column":3}},{"start":{},"end":{}}]},"11":{"loc":{"start":{"line":52,"column":9},"end":{"line":52,"column":37}},"type":"cond-expr","locations":[{"start":{"line":52,"column":17},"end":{"line":52,"column":32}},{"start":{"line":52,"column":35},"end":{"line":52,"column":37}}]},"12":{"loc":{"start":{"line":57,"column":2},"end":{"line":59,"column":3}},"type":"if","locations":[{"start":{"line":57,"column":2},"end":{"line":59,"column":3}},{"start":{},"end":{}}]},"13":{"loc":{"start":{"line":63,"column":47},"end":{"line":63,"column":69}},"type":"default-arg","locations":[{"start":{"line":63,"column":59},"end":{"line":63,"column":69}}]},"14":{"loc":{"start":{"line":65,"column":2},"end":{"line":65,"column":39}},"type":"if","locations":[{"start":{"line":65,"column":2},"end":{"line":65,"column":39}},{"start":{},"end":{}}]},"15":{"loc":{"start":{"line":70,"column":2},"end":{"line":70,"column":44}},"type":"if","locations":[{"start":{"line":70,"column":2},"end":{"line":70,"column":44}},{"start":{},"end":{}}]},"16":{"loc":{"start":{"line":70,"column":6},"end":{"line":70,"column":29}},"type":"binary-expr","locations":[{"start":{"line":70,"column":6},"end":{"line":70,"column":15}},{"start":{"line":70,"column":19},"end":{"line":70,"column":29}}]},"17":{"loc":{"start":{"line":75,"column":2},"end":{"line":75,"column":39}},"type":"if","locations":[{"start":{"line":75,"column":2},"end":{"line":75,"column":39}},{"start":{},"end":{}}]},"18":{"loc":{"start":{"line":76,"column":2},"end":{"line":76,"column":65}},"type":"if","locations":[{"start":{"line":76,"column":2},"end":{"line":76,"column":65}},{"start":{},"end":{}}]},"19":{"loc":{"start":{"line":76,"column":6},"end":{"line":76,"column":50}},"type":"binary-expr","locations":[{"start":{"line":76,"column":6},"end":{"line":76,"column":26}},{"start":{"line":76,"column":30},"end":{"line":76,"column":50}}]},"20":{"loc":{"start":{"line":77,"column":2},"end":{"line":77,"column":44}},"type":"if","locations":[{"start":{"line":77,"column":2},"end":{"line":77,"column":44}},{"start":{},"end":{}}]},"21":{"loc":{"start":{"line":84,"column":2},"end":{"line":86,"column":3}},"type":"if","locations":[{"start":{"line":84,"column":2},"end":{"line":86,"column":3}},{"start":{},"end":{}}]},"22":{"loc":{"start":{"line":97,"column":2},"end":{"line":97,"column":51}},"type":"if","locations":[{"start":{"line":97,"column":2},"end":{"line":97,"column":51}},{"start":{},"end":{}}]},"23":{"loc":{"start":{"line":98,"column":2},"end":{"line":98,"column":55}},"type":"if","locations":[{"start":{"line":98,"column":2},"end":{"line":98,"column":55}},{"start":{},"end":{}}]},"24":{"loc":{"start":{"line":99,"column":2},"end":{"line":99,"column":50}},"type":"if","locations":[{"start":{"line":99,"column":2},"end":{"line":99,"column":50}},{"start":{},"end":{}}]},"25":{"loc":{"start":{"line":107,"column":2},"end":{"line":107,"column":24}},"type":"default-arg","locations":[{"start":{"line":107,"column":14},"end":{"line":107,"column":24}}]},"26":{"loc":{"start":{"line":114,"column":4},"end":{"line":114,"column":72}},"type":"binary-expr","locations":[{"start":{"line":114,"column":4},"end":{"line":114,"column":39}},{"start":{"line":114,"column":43},"end":{"line":114,"column":72}}]},"27":{"loc":{"start":{"line":126,"column":16},"end":{"line":126,"column":79}},"type":"cond-expr","locations":[{"start":{"line":126,"column":47},"end":{"line":126,"column":74}},{"start":{"line":126,"column":77},"end":{"line":126,"column":79}}]},"28":{"loc":{"start":{"line":132,"column":16},"end":{"line":132,"column":72}},"type":"binary-expr","locations":[{"start":{"line":132,"column":16},"end":{"line":132,"column":33}},{"start":{"line":132,"column":37},"end":{"line":132,"column":54}},{"start":{"line":132,"column":58},"end":{"line":132,"column":72}}]}},"s":{"0":2,"1":2,"2":2,"3":2,"4":2,"5":2,"6":2,"7":2,"8":2,"9":5,"10":5,"11":1,"12":4,"13":4,"14":4,"15":4,"16":64,"17":64,"18":32,"19":32,"20":0,"21":64,"22":64,"23":4,"24":6,"25":6,"26":3,"27":3,"28":1,"29":2,"30":1,"31":1,"32":1,"33":0,"34":4,"35":0,"36":4,"37":0,"38":4,"39":2,"40":2,"41":2,"42":0,"43":0,"44":0,"45":0,"46":2,"47":2,"48":2,"49":2,"50":2,"51":0,"52":7,"53":7,"54":0,"55":7,"56":7,"57":7,"58":1,"59":6,"60":6,"61":6,"62":1,"63":5,"64":1,"65":4,"66":0,"67":4,"68":6,"69":6,"70":2,"71":4,"72":3,"73":3,"74":3,"75":1,"76":2,"77":0,"78":2,"79":0,"80":2,"81":2,"82":2,"83":2,"84":2,"85":2,"86":2,"87":2,"88":2,"89":2,"90":2},"f":{"0":5,"1":6,"2":4,"3":2,"4":2,"5":7,"6":6,"7":3,"8":2},"b":{"0":[1,4],"1":[5,5,4],"2":[32,32],"3":[0,32],"4":[3,3],"5":[1,2],"6":[1,1],"7":[1,0],"8":[0,4],"9":[0,4],"10":[0,2],"11":[2,0],"12":[2,0],"13":[0],"14":[0,7],"15":[1,6],"16":[7,7],"17":[1,5],"18":[1,4],"19":[5,2],"20":[0,4],"21":[2,4],"22":[1,2],"23":[0,2],"24":[0,2],"25":[0],"26":[2,2],"27":[2,0],"28":[2,2,2]}}
,"/Users/igorganapolsky/workspace/git/igor/gametime-mobile-checkout/src/services/eligibilityEngine.ts": {"path":"/Users/igorganapolsky/workspace/git/igor/gametime-mobile-checkout/src/services/eligibilityEngine.ts","statementMap":{"0":{"start":{"line":36,"column":0},"end":{"line":36,"column":16}},"1":{"start":{"line":1,"column":0},"end":{"line":1,"column":null}},"2":{"start":{"line":13,"column":2},"end":{"line":15,"column":3}},"3":{"start":{"line":14,"column":4},"end":{"line":14,"column":34}},"4":{"start":{"line":16,"column":2},"end":{"line":16,"column":25}},"5":{"start":{"line":23,"column":2},"end":{"line":25,"column":3}},"6":{"start":{"line":24,"column":4},"end":{"line":24,"column":23}},"7":{"start":{"line":26,"column":2},"end":{"line":26,"column":23}},"8":{"start":{"line":41,"column":19},"end":{"line":41,"column":52}},"9":{"start":{"line":42,"column":27},"end":{"line":44,"column":null}},"10":{"start":{"line":46,"column":22},"end":{"line":48,"column":null}},"11":{"start":{"line":51,"column":2},"end":{"line":56,"column":4}}},"fnMap":{"0":{"name":"resolvePlatform","decl":{"start":{"line":9,"column":9},"end":{"line":9,"column":24}},"loc":{"start":{"line":11,"column":32},"end":{"line":17,"column":1}}},"1":{"name":"resolveFlag","decl":{"start":{"line":19,"column":9},"end":{"line":19,"column":20}},"loc":{"start":{"line":21,"column":76},"end":{"line":27,"column":1}}},"2":{"name":"evaluateEligibility","decl":{"start":{"line":36,"column":16},"end":{"line":36,"column":35}},"loc":{"start":{"line":39,"column":32},"end":{"line":57,"column":1}}}},"branchMap":{"0":{"loc":{"start":{"line":13,"column":2},"end":{"line":15,"column":3}},"type":"if","locations":[{"start":{"line":13,"column":2},"end":{"line":15,"column":3}},{"start":{},"end":{}}]},"1":{"loc":{"start":{"line":13,"column":6},"end":{"line":13,"column":51}},"type":"binary-expr","locations":[{"start":{"line":13,"column":6},"end":{"line":13,"column":14}},{"start":{"line":13,"column":18},"end":{"line":13,"column":51}}]},"2":{"loc":{"start":{"line":23,"column":2},"end":{"line":25,"column":3}},"type":"if","locations":[{"start":{"line":23,"column":2},"end":{"line":25,"column":3}},{"start":{},"end":{}}]},"3":{"loc":{"start":{"line":23,"column":6},"end":{"line":23,"column":63}},"type":"binary-expr","locations":[{"start":{"line":23,"column":6},"end":{"line":23,"column":33}},{"start":{"line":23,"column":37},"end":{"line":23,"column":63}}]},"4":{"loc":{"start":{"line":52,"column":23},"end":{"line":52,"column":61}},"type":"binary-expr","locations":[{"start":{"line":52,"column":23},"end":{"line":52,"column":41}},{"start":{"line":52,"column":45},"end":{"line":52,"column":61}}]},"5":{"loc":{"start":{"line":53,"column":24},"end":{"line":53,"column":61}},"type":"binary-expr","locations":[{"start":{"line":53,"column":24},"end":{"line":53,"column":46}},{"start":{"line":53,"column":50},"end":{"line":53,"column":61}}]}},"s":{"0":2,"1":2,"2":11,"3":1,"4":10,"5":22,"6":20,"7":2,"8":11,"9":11,"10":11,"11":11},"f":{"0":11,"1":22,"2":11},"b":{"0":[1,10],"1":[11,2],"2":[20,2],"3":[22,4],"4":[11,6],"5":[11,5]}}
,"/Users/igorganapolsky/workspace/git/igor/gametime-mobile-checkout/src/services/mockPaymentApi.ts": {"path":"/Users/igorganapolsky/workspace/git/igor/gametime-mobile-checkout/src/services/mockPaymentApi.ts","statementMap":{"0":{"start":{"line":13,"column":2},"end":{"line":18,"column":14}},"1":{"start":{"line":22,"column":2},"end":{"line":25,"column":4}},"2":{"start":{"line":29,"column":2},"end":{"line":29,"column":59}},"3":{"start":{"line":29,"column":34},"end":{"line":29,"column":57}},"4":{"start":{"line":44,"column":19},"end":{"line":44,"column":50}},"5":{"start":{"line":47,"column":4},"end":{"line":47,"column":24}},"6":{"start":{"line":48,"column":4},"end":{"line":50,"column":5}},"7":{"start":{"line":49,"column":6},"end":{"line":49,"column":35}},"8":{"start":{"line":54,"column":4},"end":{"line":57,"column":8}},"9":{"start":{"line":54,"column":69},"end":{"line":57,"column":6}},"10":{"start":{"line":61,"column":20},"end":{"line":61,"column":69}},"11":{"start":{"line":62,"column":4},"end":{"line":62,"column":32}},"12":{"start":{"line":64,"column":21},"end":{"line":64,"column":60}},"13":{"start":{"line":65,"column":4},"end":{"line":80,"column":5}},"14":{"start":{"line":66,"column":6},"end":{"line":76,"column":7}},"15":{"start":{"line":67,"column":42},"end":{"line":74,"column":10}},"16":{"start":{"line":75,"column":8},"end":{"line":75,"column":71}},"17":{"start":{"line":77,"column":6},"end":{"line":79,"column":7}},"18":{"start":{"line":78,"column":8},"end":{"line":78,"column":92}},"19":{"start":{"line":82,"column":40},"end":{"line":87,"column":6}},"20":{"start":{"line":88,"column":4},"end":{"line":91,"column":7}},"21":{"start":{"line":93,"column":19},"end":{"line":93,"column":59}},"22":{"start":{"line":94,"column":4},"end":{"line":94,"column":24}},"23":{"start":{"line":96,"column":4},"end":{"line":99,"column":5}},"24":{"start":{"line":98,"column":6},"end":{"line":98,"column":78}},"25":{"start":{"line":101,"column":21},"end":{"line":101,"column":41}},"26":{"start":{"line":102,"column":4},"end":{"line":105,"column":7}},"27":{"start":{"line":106,"column":4},"end":{"line":106,"column":67}},"28":{"start":{"line":110,"column":4},"end":{"line":110,"column":21}},"29":{"start":{"line":111,"column":19},"end":{"line":111,"column":50}},"30":{"start":{"line":112,"column":4},"end":{"line":114,"column":13}},"31":{"start":{"line":118,"column":4},"end":{"line":118,"column":24}},"32":{"start":{"line":122,"column":4},"end":{"line":124,"column":5}},"33":{"start":{"line":123,"column":6},"end":{"line":123,"column":52}},"34":{"start":{"line":125,"column":4},"end":{"line":127,"column":5}},"35":{"start":{"line":126,"column":6},"end":{"line":126,"column":45}},"36":{"start":{"line":128,"column":4},"end":{"line":130,"column":5}},"37":{"start":{"line":129,"column":6},"end":{"line":129,"column":64}},"38":{"start":{"line":131,"column":4},"end":{"line":133,"column":5}},"39":{"start":{"line":132,"column":6},"end":{"line":132,"column":47}},"40":{"start":{"line":134,"column":4},"end":{"line":136,"column":5}},"41":{"start":{"line":135,"column":6},"end":{"line":135,"column":75}},"42":{"start":{"line":140,"column":16},"end":{"line":140,"column":40}},"43":{"start":{"line":141,"column":17},"end":{"line":144,"column":6}},"44":{"start":{"line":146,"column":4},"end":{"line":154,"column":5}},"45":{"start":{"line":147,"column":6},"end":{"line":153,"column":8}},"46":{"start":{"line":156,"column":4},"end":{"line":163,"column":5}},"47":{"start":{"line":157,"column":6},"end":{"line":162,"column":8}},"48":{"start":{"line":165,"column":4},"end":{"line":173,"column":5}},"49":{"start":{"line":166,"column":6},"end":{"line":172,"column":8}},"50":{"start":{"line":175,"column":4},"end":{"line":183,"column":5}},"51":{"start":{"line":176,"column":6},"end":{"line":182,"column":8}},"52":{"start":{"line":185,"column":4},"end":{"line":190,"column":6}},"53":{"start":{"line":43,"column":0},"end":{"line":43,"column":13}},"54":{"start":{"line":194,"column":13},"end":{"line":194,"column":55}}},"fnMap":{"0":{"name":"requestFingerprint","decl":{"start":{"line":12,"column":9},"end":{"line":12,"column":27}},"loc":{"start":{"line":12,"column":51},"end":{"line":19,"column":1}}},"1":{"name":"cloneResponse","decl":{"start":{"line":21,"column":9},"end":{"line":21,"column":22}},"loc":{"start":{"line":21,"column":60},"end":{"line":26,"column":1}}},"2":{"name":"delay","decl":{"start":{"line":28,"column":9},"end":{"line":28,"column":14}},"loc":{"start":{"line":28,"column":25},"end":{"line":30,"column":1}}},"3":{"name":"(anonymous_3)","decl":{"start":{"line":29,"column":21},"end":{"line":29,"column":22}},"loc":{"start":{"line":29,"column":34},"end":{"line":29,"column":57}}},"4":{"name":"(anonymous_4)","decl":{"start":{"line":46,"column":2},"end":{"line":46,"column":9}},"loc":{"start":{"line":46,"column":63},"end":{"line":51,"column":3}}},"5":{"name":"(anonymous_5)","decl":{"start":{"line":53,"column":2},"end":{"line":53,"column":14}},"loc":{"start":{"line":53,"column":14},"end":{"line":58,"column":3}}},"6":{"name":"(anonymous_6)","decl":{"start":{"line":54,"column":49},"end":{"line":54,"column":50}},"loc":{"start":{"line":54,"column":69},"end":{"line":57,"column":6}}},"7":{"name":"(anonymous_7)","decl":{"start":{"line":60,"column":2},"end":{"line":60,"column":7}},"loc":{"start":{"line":60,"column":42},"end":{"line":107,"column":3}}},"8":{"name":"(anonymous_8)","decl":{"start":{"line":109,"column":2},"end":{"line":109,"column":7}},"loc":{"start":{"line":109,"column":49},"end":{"line":115,"column":3}}},"9":{"name":"(anonymous_9)","decl":{"start":{"line":117,"column":2},"end":{"line":117,"column":13}},"loc":{"start":{"line":117,"column":13},"end":{"line":119,"column":3}}},"10":{"name":"(anonymous_10)","decl":{"start":{"line":121,"column":10},"end":{"line":121,"column":23}},"loc":{"start":{"line":121,"column":47},"end":{"line":137,"column":3}}},"11":{"name":"(anonymous_11)","decl":{"start":{"line":139,"column":10},"end":{"line":139,"column":16}},"loc":{"start":{"line":139,"column":40},"end":{"line":191,"column":3}}}},"branchMap":{"0":{"loc":{"start":{"line":65,"column":4},"end":{"line":80,"column":5}},"type":"if","locations":[{"start":{"line":65,"column":4},"end":{"line":80,"column":5}},{"start":{},"end":{}}]},"1":{"loc":{"start":{"line":66,"column":6},"end":{"line":76,"column":7}},"type":"if","locations":[{"start":{"line":66,"column":6},"end":{"line":76,"column":7}},{"start":{},"end":{}}]},"2":{"loc":{"start":{"line":77,"column":6},"end":{"line":79,"column":7}},"type":"if","locations":[{"start":{"line":77,"column":6},"end":{"line":79,"column":7}},{"start":{},"end":{}}]},"3":{"loc":{"start":{"line":93,"column":19},"end":{"line":93,"column":59}},"type":"cond-expr","locations":[{"start":{"line":93,"column":49},"end":{"line":93,"column":53}},{"start":{"line":93,"column":56},"end":{"line":93,"column":59}}]},"4":{"loc":{"start":{"line":96,"column":4},"end":{"line":99,"column":5}},"type":"if","locations":[{"start":{"line":96,"column":4},"end":{"line":99,"column":5}},{"start":{},"end":{}}]},"5":{"loc":{"start":{"line":112,"column":11},"end":{"line":114,"column":12}},"type":"cond-expr","locations":[{"start":{"line":113,"column":9},"end":{"line":113,"column":72}},{"start":{"line":114,"column":8},"end":{"line":114,"column":12}}]},"6":{"loc":{"start":{"line":122,"column":4},"end":{"line":124,"column":5}},"type":"if","locations":[{"start":{"line":122,"column":4},"end":{"line":124,"column":5}},{"start":{},"end":{}}]},"7":{"loc":{"start":{"line":125,"column":4},"end":{"line":127,"column":5}},"type":"if","locations":[{"start":{"line":125,"column":4},"end":{"line":127,"column":5}},{"start":{},"end":{}}]},"8":{"loc":{"start":{"line":128,"column":4},"end":{"line":130,"column":5}},"type":"if","locations":[{"start":{"line":128,"column":4},"end":{"line":130,"column":5}},{"start":{},"end":{}}]},"9":{"loc":{"start":{"line":128,"column":8},"end":{"line":128,"column":74}},"type":"binary-expr","locations":[{"start":{"line":128,"column":8},"end":{"line":128,"column":46}},{"start":{"line":128,"column":50},"end":{"line":128,"column":74}}]},"10":{"loc":{"start":{"line":131,"column":4},"end":{"line":133,"column":5}},"type":"if","locations":[{"start":{"line":131,"column":4},"end":{"line":133,"column":5}},{"start":{},"end":{}}]},"11":{"loc":{"start":{"line":134,"column":4},"end":{"line":136,"column":5}},"type":"if","locations":[{"start":{"line":134,"column":4},"end":{"line":136,"column":5}},{"start":{},"end":{}}]},"12":{"loc":{"start":{"line":146,"column":4},"end":{"line":154,"column":5}},"type":"if","locations":[{"start":{"line":146,"column":4},"end":{"line":154,"column":5}},{"start":{},"end":{}}]},"13":{"loc":{"start":{"line":156,"column":4},"end":{"line":163,"column":5}},"type":"if","locations":[{"start":{"line":156,"column":4},"end":{"line":163,"column":5}},{"start":{},"end":{}}]},"14":{"loc":{"start":{"line":165,"column":4},"end":{"line":173,"column":5}},"type":"if","locations":[{"start":{"line":165,"column":4},"end":{"line":173,"column":5}},{"start":{},"end":{}}]},"15":{"loc":{"start":{"line":175,"column":4},"end":{"line":183,"column":5}},"type":"if","locations":[{"start":{"line":175,"column":4},"end":{"line":183,"column":5}},{"start":{},"end":{}}]}},"s":{"0":24,"1":2,"2":15,"3":15,"4":13,"5":0,"6":0,"7":0,"8":0,"9":0,"10":14,"11":14,"12":14,"13":14,"14":3,"15":1,"16":1,"17":2,"18":2,"19":11,"20":11,"21":11,"22":11,"23":11,"24":1,"25":10,"26":10,"27":10,"28":4,"29":4,"30":4,"31":0,"32":14,"33":0,"34":14,"35":0,"36":14,"37":0,"38":14,"39":0,"40":14,"41":0,"42":10,"43":10,"44":10,"45":0,"46":10,"47":0,"48":10,"49":2,"50":8,"51":0,"52":8,"53":2,"54":2},"f":{"0":24,"1":2,"2":15,"3":15,"4":0,"5":0,"6":0,"7":14,"8":4,"9":0,"10":14,"11":10},"b":{"0":[3,11],"1":[1,2],"2":[2,0],"3":[0,11],"4":[1,10],"5":[4,0],"6":[0,14],"7":[0,14],"8":[0,14],"9":[14,14],"10":[0,14],"11":[0,14],"12":[0,10],"13":[0,10],"14":[2,8],"15":[0,8]}}
,"/Users/igorganapolsky/workspace/git/igor/gametime-mobile-checkout/src/types/checkout.ts": {"path":"/Users/igorganapolsky/workspace/git/igor/gametime-mobile-checkout/src/types/checkout.ts","statementMap":{"0":{"start":{"line":118,"column":0},"end":{"line":118,"column":16}},"1":{"start":{"line":116,"column":13},"end":{"line":116,"column":45}},"2":{"start":{"line":119,"column":2},"end":{"line":119,"column":34}}},"fnMap":{"0":{"name":"dollarsFromCents","decl":{"start":{"line":118,"column":16},"end":{"line":118,"column":32}},"loc":{"start":{"line":118,"column":46},"end":{"line":120,"column":1}}}},"branchMap":{},"s":{"0":2,"1":2,"2":0},"f":{"0":0},"b":{}}
}
