TN:
SF:src/services/cardValidator.ts
FN:3,validateLuhn
FN:27,detectCardBrand
FN:36,expectedPanLength
FN:42,formatCardNumber
FN:55,formatExpiry
FN:63,validateExpiry
FN:82,validateCvc
FN:94,tokenizeCard
FN:103,parseAndValidateCard
FNF:9
FNH:9
FNDA:5,validateLuhn
FNDA:6,detectCardBrand
FNDA:4,expectedPanLength
FNDA:2,formatCardNumber
FNDA:2,formatExpiry
FNDA:7,validateExpiry
FNDA:6,validateCvc
FNDA:3,tokenizeCard
FNDA:2,parseAndValidateCard
DA:3,2
DA:4,5
DA:5,5
DA:6,1
DA:9,4
DA:10,4
DA:12,4
DA:13,64
DA:14,64
DA:15,32
DA:16,32
DA:17,0
DA:20,64
DA:21,64
DA:24,4
DA:27,2
DA:28,6
DA:29,6
DA:30,3
DA:31,2
DA:32,1
DA:33,0
DA:36,2
DA:37,4
DA:38,4
DA:39,4
DA:42,2
DA:43,2
DA:44,2
DA:45,2
DA:46,0
DA:47,0
DA:48,0
DA:49,0
DA:51,2
DA:52,2
DA:55,2
DA:56,2
DA:57,2
DA:58,2
DA:60,0
DA:63,2
DA:64,7
DA:65,7
DA:67,7
DA:68,7
DA:70,7
DA:72,6
DA:73,6
DA:75,6
DA:76,5
DA:77,4
DA:79,4
DA:82,2
DA:83,6
DA:84,6
DA:85,2
DA:87,4
DA:94,2
DA:95,3
DA:96,3
DA:97,3
DA:98,2
DA:99,2
DA:100,2
DA:103,2
DA:109,2
DA:110,2
DA:111,2
DA:112,2
DA:114,2
DA:116,2
DA:117,2
DA:119,2
DA:120,2
DA:122,2
LF:76
LH:69
BRDA:5,0,0,1
BRDA:5,0,1,4
BRDA:5,1,0,5
BRDA:5,1,1,5
BRDA:5,1,2,4
BRDA:14,2,0,32
BRDA:14,2,1,32
BRDA:16,3,0,0
BRDA:16,3,1,32
BRDA:29,4,0,3
BRDA:29,4,1,3
BRDA:30,5,0,1
BRDA:30,5,1,2
BRDA:31,6,0,1
BRDA:31,6,1,1
BRDA:32,7,0,1
BRDA:32,7,1,0
BRDA:37,8,0,0
BRDA:37,8,1,4
BRDA:38,9,0,0
BRDA:38,9,1,4
BRDA:45,10,0,0
BRDA:45,10,1,2
BRDA:52,11,0,2
BRDA:52,11,1,0
BRDA:57,12,0,2
BRDA:57,12,1,0
BRDA:63,13,0,0
BRDA:65,14,0,0
BRDA:65,14,1,7
BRDA:70,15,0,1
BRDA:70,15,1,6
BRDA:70,16,0,7
BRDA:70,16,1,7
BRDA:75,17,0,1
BRDA:75,17,1,5
BRDA:76,18,0,1
BRDA:76,18,1,4
BRDA:76,19,0,5
BRDA:76,19,1,2
BRDA:77,20,0,0
BRDA:77,20,1,4
BRDA:84,21,0,2
BRDA:84,21,1,4
BRDA:97,22,0,1
BRDA:97,22,1,2
BRDA:98,23,0,0
BRDA:98,23,1,2
BRDA:99,24,0,0
BRDA:99,24,1,2
BRDA:107,25,0,0
BRDA:114,26,0,2
BRDA:114,26,1,2
BRDA:126,27,0,2
BRDA:126,27,1,0
BRDA:132,28,0,2
BRDA:132,28,1,2
BRDA:132,28,2,2
BRF:58
BRH:44
end_of_record
TN:
SF:src/services/eligibilityEngine.ts
FN:9,resolvePlatform
FN:19,resolveFlag
FN:36,evaluateEligibility
FNF:3
FNH:3
FNDA:11,resolvePlatform
FNDA:22,resolveFlag
FNDA:11,evaluateEligibility
DA:1,2
DA:13,11
DA:14,1
DA:16,10
DA:23,22
DA:24,20
DA:26,2
DA:36,2
DA:41,11
DA:42,11
DA:46,11
DA:51,11
LF:12
LH:12
BRDA:13,0,0,1
BRDA:13,0,1,10
BRDA:13,1,0,11
BRDA:13,1,1,2
BRDA:23,2,0,20
BRDA:23,2,1,2
BRDA:23,3,0,22
BRDA:23,3,1,4
BRDA:52,4,0,11
BRDA:52,4,1,6
BRDA:53,5,0,11
BRDA:53,5,1,5
BRF:12
BRH:12
end_of_record
TN:
SF:src/services/mockPaymentApi.ts
FN:12,requestFingerprint
FN:21,cloneResponse
FN:28,delay
FN:29,(anonymous_3)
FN:46,(anonymous_4)
FN:53,(anonymous_5)
FN:54,(anonymous_6)
FN:60,(anonymous_7)
FN:109,(anonymous_8)
FN:117,(anonymous_9)
FN:121,(anonymous_10)
FN:139,(anonymous_11)
FNF:12
FNH:8
FNDA:24,requestFingerprint
FNDA:2,cloneResponse
FNDA:15,delay
FNDA:15,(anonymous_3)
FNDA:0,(anonymous_4)
FNDA:0,(anonymous_5)
FNDA:0,(anonymous_6)
FNDA:14,(anonymous_7)
FNDA:4,(anonymous_8)
FNDA:0,(anonymous_9)
FNDA:14,(anonymous_10)
FNDA:10,(anonymous_11)
DA:13,24
DA:22,2
DA:29,15
DA:43,2
DA:44,13
DA:47,0
DA:48,0
DA:49,0
DA:54,0
DA:61,14
DA:62,14
DA:64,14
DA:65,14
DA:66,3
DA:67,1
DA:75,1
DA:77,2
DA:78,2
DA:82,11
DA:88,11
DA:93,11
DA:94,11
DA:96,11
DA:98,1
DA:101,10
DA:102,10
DA:106,10
DA:110,4
DA:111,4
DA:112,4
DA:118,0
DA:122,14
DA:123,0
DA:125,14
DA:126,0
DA:128,14
DA:129,0
DA:131,14
DA:132,0
DA:134,14
DA:135,0
DA:140,10
DA:141,10
DA:146,10
DA:147,0
DA:156,10
DA:157,0
DA:165,10
DA:166,2
DA:175,8
DA:176,0
DA:185,8
DA:194,2
LF:53
LH:40
BRDA:65,0,0,3
BRDA:65,0,1,11
BRDA:66,1,0,1
BRDA:66,1,1,2
BRDA:77,2,0,2
BRDA:77,2,1,0
BRDA:93,3,0,0
BRDA:93,3,1,11
BRDA:96,4,0,1
BRDA:96,4,1,10
BRDA:112,5,0,4
BRDA:112,5,1,0
BRDA:122,6,0,0
BRDA:122,6,1,14
BRDA:125,7,0,0
BRDA:125,7,1,14
BRDA:128,8,0,0
BRDA:128,8,1,14
BRDA:128,9,0,14
BRDA:128,9,1,14
BRDA:131,10,0,0
BRDA:131,10,1,14
BRDA:134,11,0,0
BRDA:134,11,1,14
BRDA:146,12,0,0
BRDA:146,12,1,10
BRDA:156,13,0,0
BRDA:156,13,1,10
BRDA:165,14,0,2
BRDA:165,14,1,8
BRDA:175,15,0,0
BRDA:175,15,1,8
BRF:32
BRH:21
end_of_record
TN:
SF:src/types/checkout.ts
FN:118,dollarsFromCents
FNF:1
FNH:0
FNDA:0,dollarsFromCents
DA:116,2
DA:118,2
DA:119,0
LF:3
LH:2
BRF:0
BRH:0
end_of_record
